# JRE version: OpenJDK Runtime Environment (21.0.3) (build 21.0.3+-12282718-b509.11)
# Java VM: OpenJDK 64-Bit Server VM (21.0.3+-12282718-b509.11, mixed mode, tiered, compressed oops, compressed class ptrs, g1 gc, windows-amd64)
GC Precious Log:
 CardTable entry size: 512
 Card Set container configuration: InlinePtr #cards 5 size 8 Array Of Cards #cards 12 size 40 Howl #buckets 4 coarsen threshold 1843 Howl Bitmap #cards 512 size 80 coarsen threshold 460 Card regions per heap region 1 cards per card region 2048
 CPUs: 20 total, 20 available
 Memory: 7899M
 Large Page Support: Disabled
 NUMA Support: Disabled
 Compressed Oops: Enabled (32-bit)
 Heap Region Size: 1M
 Heap Min Capacity: 8M
 Heap Initial Capacity: 124M
 Heap Max Capacity: 2G
 Pre-touch: Disabled
 Parallel Workers: 15
 Concurrent Workers: 4
 Concurrent Refinement Workers: 15
 Periodic GC: Disabled
Heap:
 garbage-first heap   total 183296K, used 139328K [0x0000000080000000, 0x0000000100000000)
  region size 1024K, 40 young (40960K), 7 survivors (7168K)
 Metaspace       used 113768K, committed 115776K, reserved 1179648K
  class space    used 15532K, committed 16512K, reserved 1048576K
GC Heap History (20 events):
Event: 8.235 GC heap before
{Heap before GC invocations=20 (full 0):
 garbage-first heap   total 135168K, used 115959K [0x0000000080000000, 0x0000000100000000)
  region size 1024K, 47 young (48128K), 7 survivors (7168K)
 Metaspace       used 79662K, committed 81408K, reserved 1179648K
  class space    used 10712K, committed 11584K, reserved 1048576K
}
Event: 8.239 GC heap after
{Heap after GC invocations=21 (full 0):
 garbage-first heap   total 135168K, used 78106K [0x0000000080000000, 0x0000000100000000)
  region size 1024K, 2 young (2048K), 2 survivors (2048K)
 Metaspace       used 79662K, committed 81408K, reserved 1179648K
  class space    used 10712K, committed 11584K, reserved 1048576K
}
Event: 8.635 GC heap before
{Heap before GC invocations=22 (full 0):
 garbage-first heap   total 135168K, used 120090K [0x0000000080000000, 0x0000000100000000)
  region size 1024K, 43 young (44032K), 2 survivors (2048K)
 Metaspace       used 84022K, committed 85824K, reserved 1179648K
  class space    used 11303K, committed 12160K, reserved 1048576K
}
Event: 8.638 GC heap after
{Heap after GC invocations=23 (full 0):
 garbage-first heap   total 162816K, used 79650K [0x0000000080000000, 0x0000000100000000)
  region size 1024K, 3 young (3072K), 3 survivors (3072K)
 Metaspace       used 84022K, committed 85824K, reserved 1179648K
  class space    used 11303K, committed 12160K, reserved 1048576K
}
Event: 9.195 GC heap before
{Heap before GC invocations=23 (full 0):
 garbage-first heap   total 162816K, used 151330K [0x0000000080000000, 0x0000000100000000)
  region size 1024K, 69 young (70656K), 3 survivors (3072K)
 Metaspace       used 88298K, committed 90112K, reserved 1179648K
  class space    used 11859K, committed 12800K, reserved 1048576K
}
Event: 9.200 GC heap after
{Heap after GC invocations=24 (full 0):
 garbage-first heap   total 163840K, used 85993K [0x0000000080000000, 0x0000000100000000)
  region size 1024K, 9 young (9216K), 9 survivors (9216K)
 Metaspace       used 88298K, committed 90112K, reserved 1179648K
  class space    used 11859K, committed 12800K, reserved 1048576K
}
Event: 9.481 GC heap before
{Heap before GC invocations=24 (full 0):
 garbage-first heap   total 163840K, used 102377K [0x0000000080000000, 0x0000000100000000)
  region size 1024K, 26 young (26624K), 9 survivors (9216K)
 Metaspace       used 90491K, committed 92288K, reserved 1179648K
  class space    used 12144K, committed 13056K, reserved 1048576K
}
Event: 9.487 GC heap after
{Heap after GC invocations=25 (full 0):
 garbage-first heap   total 163840K, used 87375K [0x0000000080000000, 0x0000000100000000)
  region size 1024K, 2 young (2048K), 2 survivors (2048K)
 Metaspace       used 90491K, committed 92288K, reserved 1179648K
  class space    used 12144K, committed 13056K, reserved 1048576K
}
Event: 10.059 GC heap before
{Heap before GC invocations=26 (full 0):
 garbage-first heap   total 163840K, used 152911K [0x0000000080000000, 0x0000000100000000)
  region size 1024K, 62 young (63488K), 2 survivors (2048K)
 Metaspace       used 94852K, committed 96704K, reserved 1179648K
  class space    used 12707K, committed 13632K, reserved 1048576K
}
Event: 10.063 GC heap after
{Heap after GC invocations=27 (full 0):
 garbage-first heap   total 163840K, used 97338K [0x0000000080000000, 0x0000000100000000)
  region size 1024K, 8 young (8192K), 8 survivors (8192K)
 Metaspace       used 94852K, committed 96704K, reserved 1179648K
  class space    used 12707K, committed 13632K, reserved 1048576K
}
Event: 10.515 GC heap before
{Heap before GC invocations=27 (full 0):
 garbage-first heap   total 163840K, used 146490K [0x0000000080000000, 0x0000000100000000)
  region size 1024K, 56 young (57344K), 8 survivors (8192K)
 Metaspace       used 96712K, committed 98560K, reserved 1179648K
  class space    used 12928K, committed 13824K, reserved 1048576K
}
Event: 10.520 GC heap after
{Heap after GC invocations=28 (full 0):
 garbage-first heap   total 163840K, used 98667K [0x0000000080000000, 0x0000000100000000)
  region size 1024K, 5 young (5120K), 5 survivors (5120K)
 Metaspace       used 96712K, committed 98560K, reserved 1179648K
  class space    used 12928K, committed 13824K, reserved 1048576K
}
Event: 10.723 GC heap before
{Heap before GC invocations=28 (full 0):
 garbage-first heap   total 163840K, used 118123K [0x0000000080000000, 0x0000000100000000)
  region size 1024K, 25 young (25600K), 5 survivors (5120K)
 Metaspace       used 98142K, committed 100032K, reserved 1179648K
  class space    used 13142K, committed 14080K, reserved 1048576K
}
Event: 10.726 GC heap after
{Heap after GC invocations=29 (full 0):
 garbage-first heap   total 163840K, used 100193K [0x0000000080000000, 0x0000000100000000)
  region size 1024K, 2 young (2048K), 2 survivors (2048K)
 Metaspace       used 98142K, committed 100032K, reserved 1179648K
  class space    used 13142K, committed 14080K, reserved 1048576K
}
Event: 11.280 GC heap before
{Heap before GC invocations=30 (full 0):
 garbage-first heap   total 176128K, used 149345K [0x0000000080000000, 0x0000000100000000)
  region size 1024K, 49 young (50176K), 2 survivors (2048K)
 Metaspace       used 101975K, committed 103808K, reserved 1179648K
  class space    used 13826K, committed 14720K, reserved 1048576K
}
Event: 11.283 GC heap after
{Heap after GC invocations=31 (full 0):
 garbage-first heap   total 176128K, used 101101K [0x0000000080000000, 0x0000000100000000)
  region size 1024K, 3 young (3072K), 3 survivors (3072K)
 Metaspace       used 101975K, committed 103808K, reserved 1179648K
  class space    used 13826K, committed 14720K, reserved 1048576K
}
Event: 11.918 GC heap before
{Heap before GC invocations=31 (full 0):
 garbage-first heap   total 176128K, used 160493K [0x0000000080000000, 0x0000000100000000)
  region size 1024K, 61 young (62464K), 3 survivors (3072K)
 Metaspace       used 106128K, committed 108096K, reserved 1179648K
  class space    used 14428K, committed 15424K, reserved 1048576K
}
Event: 11.921 GC heap after
{Heap after GC invocations=32 (full 0):
 garbage-first heap   total 176128K, used 103185K [0x0000000080000000, 0x0000000100000000)
  region size 1024K, 6 young (6144K), 6 survivors (6144K)
 Metaspace       used 106128K, committed 108096K, reserved 1179648K
  class space    used 14428K, committed 15424K, reserved 1048576K
}
Event: 12.515 GC heap before
{Heap before GC invocations=32 (full 0):
 garbage-first heap   total 176128K, used 159505K [0x0000000080000000, 0x0000000100000000)
  region size 1024K, 61 young (62464K), 6 survivors (6144K)
 Metaspace       used 110557K, committed 112640K, reserved 1179648K
  class space    used 15060K, committed 16128K, reserved 1048576K
}
Event: 12.521 GC heap after
{Heap after GC invocations=33 (full 0):
 garbage-first heap   total 176128K, used 106560K [0x0000000080000000, 0x0000000100000000)
  region size 1024K, 7 young (7168K), 7 survivors (7168K)
 Metaspace       used 110557K, committed 112640K, reserved 1179648K
  class space    used 15060K, committed 16128K, reserved 1048576K
}

